<?xml version="1.0" encoding="UTF-8"?>
<!-- Generated by org.testng.reporters.JUnitXMLReporter -->
<testsuite hostname="Dell_Inspiron_15R_5521" ignored="0" name="Narvar UI Test" tests="8" failures="0" timestamp="04 Mar 2018 10:17:04 GMT" time="100.426" errors="0">
  <testcase name="isEnabledCommentInput" time="2.198" classname="testcases.FrontEndTCs"/>
  <testcase name="verifyCommentTyped" time="4.268" classname="testcases.FrontEndTCs"/>
  <testcase name="isEnabledStarRating" time="0.466" classname="testcases.FrontEndTCs"/>
  <testcase name="verifyTextForRating" time="1.995" classname="testcases.FrontEndTCs"/>
  <testcase name="verifyPageNavigation" time="65.24" classname="testcases.FrontEndTCs"/>
  <testcase name="verifySendBtnText" time="0.11" classname="testcases.FrontEndTCs"/>
  <testcase name="verifyPageTitle" time="0.058" classname="testcases.FrontEndTCs"/>
  <testcase name="verifyCustomerServiceNavigation" time="8.082" classname="testcases.FrontEndTCs"/>
</testsuite> <!-- Narvar UI Test -->
