<?xml version="1.0" encoding="UTF-8"?>
<!-- Generated by org.testng.reporters.JUnitXMLReporter -->
<testsuite hostname="Dell_Inspiron_15R_5521" ignored="0" name="Narvar API Test" tests="5" failures="0" timestamp="04 Mar 2018 09:29:43 GMT" time="25.318" errors="0">
  <testcase name="validateStatusCode" time="4.961" classname="testcases.BackEndTCs"/>
  <testcase name="validateContentType" time="0.14" classname="testcases.BackEndTCs"/>
  <testcase name="validateFirstName" time="2.615" classname="testcases.BackEndTCs"/>
  <testcase name="addNewEmployeeDetails" time="0.309" classname="testcases.BackEndTCs"/>
  <testcase name="updateEmployeeDetails" time="0.138" classname="testcases.BackEndTCs"/>
</testsuite> <!-- Narvar API Test -->
