<?xml version="1.0" encoding="UTF-8"?>
<!-- Generated by org.testng.reporters.JUnitXMLReporter -->
<testsuite hostname="Dell_Inspiron_15R_5521" ignored="0" name="Narvar FrontEnd Test" tests="8" failures="0" timestamp="04 Mar 2018 06:09:12 GMT" time="6.168" errors="0">
  <testcase name="@BeforeTest launchBrowser" time="5.962" classname="testcases.BaseTest">
    <failure type="java.lang.NullPointerException">
      <![CDATA[java.lang.NullPointerException
at testcases.BaseTest.launchBrowser(BaseTest.java:39)
... Removed 24 stack frames]]>
    </failure>
  </testcase> <!-- @BeforeTest launchBrowser -->
  <testcase name="@AfterTest closeBrowser" time="0.0" classname="testcases.BaseTest">
    <skipped/>
  </testcase> <!-- @AfterTest closeBrowser -->
  <testcase name="isEnabledCommentInput" time="0.0" classname="testcases.FrontEndTCs">
    <skipped/>
  </testcase> <!-- isEnabledCommentInput -->
  <testcase name="verifyCommentTyped" time="0.001" classname="testcases.FrontEndTCs">
    <skipped/>
  </testcase> <!-- verifyCommentTyped -->
  <testcase name="isEnabledStarRating" time="0.0" classname="testcases.FrontEndTCs">
    <skipped/>
  </testcase> <!-- isEnabledStarRating -->
  <testcase name="verifyTextForRating" time="0.0" classname="testcases.FrontEndTCs">
    <skipped/>
  </testcase> <!-- verifyTextForRating -->
  <testcase name="verifyPageNavigation" time="0.0" classname="testcases.FrontEndTCs">
    <skipped/>
  </testcase> <!-- verifyPageNavigation -->
  <testcase name="verifySendBtnText" time="0.0" classname="testcases.FrontEndTCs">
    <skipped/>
  </testcase> <!-- verifySendBtnText -->
  <testcase name="verifyPageTitle" time="0.0" classname="testcases.FrontEndTCs">
    <skipped/>
  </testcase> <!-- verifyPageTitle -->
  <testcase name="verifyCustomerServiceNavigation" time="0.0" classname="testcases.FrontEndTCs">
    <skipped/>
  </testcase> <!-- verifyCustomerServiceNavigation -->
</testsuite> <!-- Narvar FrontEnd Test -->
